<?xml version="1.0" encoding="UTF-8"?>
<!-- Generated by org.testng.reporters.JUnitReportReporter -->
<testsuite hostname="Ankush" name="runner.Runner" tests="1" failures="0" timestamp="21 Nov 2020 03:05:23 GMT" time="14.420" errors="0">
  <testcase name="feature" time="14.420" classname="runner.Runner"/>
</testsuite> <!-- runner.Runner -->
